[2026-06-11 22:17:11] Session started: 2026-06-11 22:17:11
[2026-06-11 22:17:11] Stage started: Work
[2026-06-11 23:02:12] Stage finished: Work
[2026-06-11 23:02:12] Stage started: Small Break
[2026-06-11 23:07:12] Stage finished: Small Break
[2026-06-11 23:07:12] Stage started: Work
[2026-06-11 23:52:13] Stage finished: Work
[2026-06-11 23:52:13] Stage started: Big Break
[2026-06-12 00:12:13] Stage finished: Big Break
[2026-06-12 00:12:13] Stage started: Work
[2026-06-12 00:57:14] Stage finished: Work
[2026-06-12 00:57:14] Stage started: Small Break
[2026-06-12 01:02:14] Stage finished: Small Break
[2026-06-12 01:02:14] Stage started: Work
[2026-06-12 01:47:15] Stage finished: Work
[2026-06-12 01:47:15] Stage started: Big Break
[2026-06-12 02:07:15] Stage finished: Big Break
[2026-06-12 02:07:15] Stage started: Work
[2026-06-12 02:52:16] Stage finished: Work
[2026-06-12 02:52:16] Stage started: Small Break
[2026-06-12 02:57:16] Stage finished: Small Break
[2026-06-12 02:57:16] Stage started: Work
[2026-06-12 03:42:17] Stage finished: Work
[2026-06-12 03:42:17] Stage started: Big Break
[2026-06-12 04:02:17] Stage finished: Big Break
[2026-06-12 04:02:17] Stage started: Work
[2026-06-12 04:47:19] Stage finished: Work
[2026-06-12 04:47:20] Stage started: Small Break
[2026-06-12 05:02:45] Stage finished: Small Break
[2026-06-12 05:02:46] Stage started: Work
[2026-06-12 05:49:01] Stage finished: Work
[2026-06-12 05:49:02] Stage started: Big Break
[2026-06-12 06:19:52] Stage finished: Big Break
[2026-06-12 06:19:53] Stage started: Work
[2026-06-12 07:19:21] Stage finished: Work
[2026-06-12 07:19:21] Stage started: Small Break
[2026-06-12 07:34:06] Stage finished: Small Break
[2026-06-12 07:34:06] Stage started: Work
[2026-06-12 08:35:34] Stage finished: Work
[2026-06-12 08:35:34] Stage started: Big Break
[2026-06-12 09:06:24] Stage finished: Big Break
[2026-06-12 09:06:24] Stage started: Work
[2026-06-12 10:06:24] Stage finished: Work
[2026-06-12 10:06:25] Stage started: Small Break
[2026-06-12 10:23:00] Stage finished: Small Break
[2026-06-12 10:23:00] Stage started: Work
[2026-06-12 11:09:21] Stage finished: Work
[2026-06-12 11:09:22] Stage started: Big Break
[2026-06-12 11:55:18] Stage finished: Big Break
[2026-06-12 11:55:18] Stage started: Work
[2026-06-12 12:57:00] Stage finished: Work
[2026-06-12 12:57:01] Stage started: Small Break
