[2026-06-16 17:36:43] Session started: 2026-06-16 17:36:43
[2026-06-16 17:36:43] Stage started: Work
[2026-06-16 18:21:44] Stage finished: Work
[2026-06-16 18:21:44] Stage started: Small Break
[2026-06-16 18:26:44] Stage finished: Small Break
[2026-06-16 18:26:44] Stage started: Work
[2026-06-16 19:11:45] Stage finished: Work
[2026-06-16 19:11:45] Stage started: Big Break
[2026-06-16 19:31:45] Stage finished: Big Break
[2026-06-16 19:31:45] Stage started: Work
[2026-06-16 20:16:45] Stage finished: Work
[2026-06-16 20:16:45] Stage started: Small Break
[2026-06-16 20:21:45] Stage finished: Small Break
[2026-06-16 20:21:45] Stage started: Work
[2026-06-16 21:06:46] Stage finished: Work
[2026-06-16 21:06:46] Stage started: Big Break
[2026-06-16 21:26:46] Stage finished: Big Break
[2026-06-16 21:26:46] Stage started: Work
[2026-06-16 22:11:47] Stage finished: Work
[2026-06-16 22:11:47] Stage started: Small Break
[2026-06-16 22:16:47] Stage finished: Small Break
[2026-06-16 22:16:47] Stage started: Work
[2026-06-16 23:01:48] Stage finished: Work
[2026-06-16 23:01:48] Stage started: Big Break
[2026-06-16 23:21:48] Stage finished: Big Break
[2026-06-16 23:21:48] Stage started: Work
[2026-06-17 00:06:49] Stage finished: Work
[2026-06-17 00:06:49] Stage started: Small Break
[2026-06-17 00:11:49] Stage finished: Small Break
[2026-06-17 00:11:49] Stage started: Work
