[2026-06-19 17:52:15] Session started: 2026-06-19 17:52:15
[2026-06-19 17:52:15] Stage started: Work
[2026-06-19 18:37:15] Stage finished: Work
[2026-06-19 18:37:15] Stage started: Small Break
[2026-06-19 18:42:15] Stage finished: Small Break
[2026-06-19 18:42:15] Stage started: Work
[2026-06-19 19:27:15] Stage finished: Work
[2026-06-19 19:27:15] Stage started: Big Break
[2026-06-19 19:47:16] Stage finished: Big Break
[2026-06-19 19:47:16] Stage started: Work
[2026-06-19 20:32:17] Stage finished: Work
[2026-06-19 20:32:17] Stage started: Small Break
[2026-06-19 20:37:17] Stage finished: Small Break
[2026-06-19 20:37:17] Stage started: Work
[2026-06-19 21:22:18] Stage finished: Work
[2026-06-19 21:22:18] Stage started: Big Break
[2026-06-19 21:42:19] Stage finished: Big Break
[2026-06-19 21:42:19] Stage started: Work
[2026-06-19 22:27:19] Stage finished: Work
[2026-06-19 22:27:19] Stage started: Small Break
[2026-06-19 22:32:19] Stage finished: Small Break
[2026-06-19 22:32:19] Stage started: Work
