[2026-06-11 21:04:32] Session started: 2026-06-11 21:04:32
[2026-06-11 21:04:32] Stage started: Work
[2026-06-11 21:04:36] Stage finished: Work
[2026-06-11 21:04:36] Stage started: Small Break
[2026-06-11 21:04:36] Manual stage switch
[2026-06-11 21:04:37] Stage finished: Small Break
[2026-06-11 21:04:37] Stage started: Work
[2026-06-11 21:04:37] Manual stage switch
[2026-06-11 21:04:40] Stage finished: Work
[2026-06-11 21:04:40] Stage started: Big Break
[2026-06-11 21:04:40] Manual stage switch
[2026-06-11 21:04:42] Stage finished: Big Break
[2026-06-11 21:04:42] Stage started: Work
[2026-06-11 21:04:42] Manual stage switch
[2026-06-11 21:04:44] Stage finished: Work
[2026-06-11 21:04:44] Stage started: Small Break
[2026-06-11 21:04:44] Manual stage switch
[2026-06-11 21:04:45] Stage finished: Small Break
[2026-06-11 21:04:45] Stage started: Work
[2026-06-11 21:04:45] Manual stage switch
[2026-06-11 21:04:47] Stage finished: Work
[2026-06-11 21:04:47] Stage started: Big Break
[2026-06-11 21:04:47] Manual stage switch
