[2026-06-23 05:23:59] Session started: 2026-06-23 05:23:59
[2026-06-23 05:23:59] Stage started: Work
[2026-06-23 06:09:00] Stage finished: Work
[2026-06-23 06:09:00] Stage started: Small Break
[2026-06-23 06:14:00] Stage finished: Small Break
[2026-06-23 06:14:00] Stage started: Work
[2026-06-23 06:59:00] Stage finished: Work
[2026-06-23 06:59:00] Stage started: Big Break
[2026-06-23 07:19:00] Stage finished: Big Break
[2026-06-23 07:19:00] Stage started: Work
[2026-06-23 08:04:01] Stage finished: Work
[2026-06-23 08:04:01] Stage started: Small Break
[2026-06-23 08:09:01] Stage finished: Small Break
[2026-06-23 08:09:01] Stage started: Work
[2026-06-23 08:54:02] Stage finished: Work
[2026-06-23 08:54:02] Stage started: Big Break
[2026-06-23 09:14:03] Stage finished: Big Break
[2026-06-23 09:14:03] Stage started: Work
[2026-06-23 09:59:03] Stage finished: Work
[2026-06-23 09:59:03] Stage started: Small Break
[2026-06-23 10:04:03] Stage finished: Small Break
[2026-06-23 10:04:03] Stage started: Work
[2026-06-23 10:59:15] Stage finished: Work
[2026-06-23 10:59:16] Stage started: Big Break
[2026-06-23 11:19:16] Stage finished: Big Break
[2026-06-23 11:19:16] Stage started: Work
[2026-06-23 12:04:17] Stage finished: Work
[2026-06-23 12:04:17] Stage started: Small Break
[2026-06-23 12:09:17] Stage finished: Small Break
[2026-06-23 12:09:17] Stage started: Work
[2026-06-23 12:54:18] Stage finished: Work
[2026-06-23 12:54:18] Stage started: Big Break
[2026-06-23 13:14:18] Stage finished: Big Break
[2026-06-23 13:14:18] Stage started: Work
[2026-06-23 13:59:19] Stage finished: Work
[2026-06-23 13:59:19] Stage started: Small Break
[2026-06-23 14:04:19] Stage finished: Small Break
[2026-06-23 14:04:19] Stage started: Work
