[2026-06-18 16:59:54] Session started: 2026-06-18 16:59:54
[2026-06-18 16:59:54] Stage started: Work
[2026-06-18 17:44:54] Stage finished: Work
[2026-06-18 17:44:54] Stage started: Small Break
[2026-06-18 17:49:55] Stage finished: Small Break
[2026-06-18 17:49:55] Stage started: Work
[2026-06-18 18:34:55] Stage finished: Work
[2026-06-18 18:34:55] Stage started: Big Break
[2026-06-18 18:54:56] Stage finished: Big Break
[2026-06-18 18:54:56] Stage started: Work
[2026-06-18 19:39:57] Stage finished: Work
[2026-06-18 19:39:57] Stage started: Small Break
[2026-06-18 19:44:57] Stage finished: Small Break
[2026-06-18 19:44:57] Stage started: Work
[2026-06-18 20:29:57] Stage finished: Work
[2026-06-18 20:29:57] Stage started: Big Break
[2026-06-18 20:49:58] Stage finished: Big Break
[2026-06-18 20:49:58] Stage started: Work
[2026-06-18 21:34:58] Stage finished: Work
[2026-06-18 21:34:58] Stage started: Small Break
[2026-06-18 21:39:58] Stage finished: Small Break
[2026-06-18 21:39:58] Stage started: Work
[2026-06-18 22:24:59] Stage finished: Work
[2026-06-18 22:24:59] Stage started: Big Break
[2026-06-18 22:45:00] Stage finished: Big Break
[2026-06-18 22:45:00] Stage started: Work
[2026-06-18 23:30:00] Stage finished: Work
[2026-06-18 23:30:00] Stage started: Small Break
[2026-06-18 23:35:00] Stage finished: Small Break
[2026-06-18 23:35:00] Stage started: Work
[2026-06-19 00:20:01] Stage finished: Work
[2026-06-19 00:20:01] Stage started: Big Break
[2026-06-19 00:40:02] Stage finished: Big Break
[2026-06-19 00:40:02] Stage started: Work
[2026-06-19 01:25:03] Stage finished: Work
[2026-06-19 01:25:03] Stage started: Small Break
[2026-06-19 01:30:03] Stage finished: Small Break
[2026-06-19 01:30:03] Stage started: Work
