[2026-06-13 19:11:43] Session started: 2026-06-13 19:11:43
[2026-06-13 19:11:43] Stage started: Work
[2026-06-13 19:11:47] Stage finished: Work
[2026-06-13 19:11:47] Stage started: Small Break
[2026-06-13 19:11:47] Manual stage switch
[2026-06-13 19:11:49] Stage finished: Small Break
[2026-06-13 19:11:49] Stage started: Work
[2026-06-13 19:11:49] Manual stage switch
[2026-06-13 19:11:51] Stage finished: Work
[2026-06-13 19:11:51] Stage started: Big Break
[2026-06-13 19:11:51] Manual stage switch
[2026-06-13 19:11:54] Stage finished: Big Break
[2026-06-13 19:11:54] Stage started: Work
[2026-06-13 19:11:54] Manual stage switch
[2026-06-13 19:56:54] Stage finished: Work
[2026-06-13 19:56:54] Stage started: Small Break
[2026-06-13 20:01:55] Stage finished: Small Break
[2026-06-13 20:01:55] Stage started: Work
[2026-06-13 20:46:55] Stage finished: Work
[2026-06-13 20:46:55] Stage started: Big Break
[2026-06-13 21:06:55] Stage finished: Big Break
[2026-06-13 21:06:55] Stage started: Work
[2026-06-13 21:51:56] Stage finished: Work
[2026-06-13 21:51:56] Stage started: Small Break
[2026-06-13 21:56:57] Stage finished: Small Break
[2026-06-13 21:56:57] Stage started: Work
