[2026-06-15 15:21:15] Session started: 2026-06-15 15:21:15
[2026-06-15 15:21:15] Stage started: Work
[2026-06-15 16:17:19] Stage finished: Work
[2026-06-15 16:17:19] Stage started: Small Break
[2026-06-15 16:22:27] Stage finished: Small Break
[2026-06-15 16:22:28] Stage started: Work
[2026-06-15 17:07:28] Stage finished: Work
[2026-06-15 17:07:28] Stage started: Big Break
[2026-06-15 17:27:28] Stage finished: Big Break
[2026-06-15 17:27:28] Stage started: Work
[2026-06-15 18:12:29] Stage finished: Work
[2026-06-15 18:12:29] Stage started: Small Break
[2026-06-15 18:17:29] Stage finished: Small Break
[2026-06-15 18:17:29] Stage started: Work
[2026-06-15 19:02:30] Stage finished: Work
[2026-06-15 19:02:30] Stage started: Big Break
[2026-06-15 19:22:31] Stage finished: Big Break
[2026-06-15 19:22:31] Stage started: Work
[2026-06-15 20:07:31] Stage finished: Work
[2026-06-15 20:07:31] Stage started: Small Break
[2026-06-15 20:12:31] Stage finished: Small Break
[2026-06-15 20:12:31] Stage started: Work
[2026-06-15 20:57:31] Stage finished: Work
[2026-06-15 20:57:31] Stage started: Big Break
[2026-06-15 21:17:32] Stage finished: Big Break
[2026-06-15 21:17:32] Stage started: Work
[2026-06-15 22:02:33] Stage finished: Work
[2026-06-15 22:02:33] Stage started: Small Break
[2026-06-15 22:07:33] Stage finished: Small Break
[2026-06-15 22:07:33] Stage started: Work
[2026-06-15 22:52:34] Stage finished: Work
[2026-06-15 22:52:34] Stage started: Big Break
[2026-06-15 23:12:35] Stage finished: Big Break
[2026-06-15 23:12:35] Stage started: Work
[2026-06-15 23:57:35] Stage finished: Work
[2026-06-15 23:57:35] Stage started: Small Break
[2026-06-16 00:02:36] Stage finished: Small Break
[2026-06-16 00:02:36] Stage started: Work
[2026-06-16 00:47:36] Stage finished: Work
[2026-06-16 00:47:36] Stage started: Big Break
[2026-06-16 01:07:37] Stage finished: Big Break
[2026-06-16 01:07:37] Stage started: Work
[2026-06-16 01:52:38] Stage finished: Work
[2026-06-16 01:52:38] Stage started: Small Break
[2026-06-16 01:57:38] Stage finished: Small Break
[2026-06-16 01:57:38] Stage started: Work
[2026-06-16 02:42:38] Stage finished: Work
[2026-06-16 02:42:38] Stage started: Big Break
[2026-06-16 03:02:38] Stage finished: Big Break
[2026-06-16 03:02:38] Stage started: Work
[2026-06-16 03:47:39] Stage finished: Work
[2026-06-16 03:47:39] Stage started: Small Break
[2026-06-16 03:52:40] Stage finished: Small Break
[2026-06-16 03:52:40] Stage started: Work
[2026-06-16 04:37:41] Stage finished: Work
[2026-06-16 04:37:41] Stage started: Big Break
[2026-06-16 04:57:42] Stage finished: Big Break
[2026-06-16 04:57:42] Stage started: Work
[2026-06-16 05:42:43] Stage finished: Work
[2026-06-16 05:42:43] Stage started: Small Break
[2026-06-16 05:47:43] Stage finished: Small Break
[2026-06-16 05:47:43] Stage started: Work
[2026-06-16 06:32:44] Stage finished: Work
[2026-06-16 06:32:44] Stage started: Big Break
[2026-06-16 06:52:44] Stage finished: Big Break
[2026-06-16 06:52:44] Stage started: Work
[2026-06-16 07:37:44] Stage finished: Work
[2026-06-16 07:37:44] Stage started: Small Break
[2026-06-16 07:42:44] Stage finished: Small Break
[2026-06-16 07:42:44] Stage started: Work
[2026-06-16 08:27:45] Stage finished: Work
[2026-06-16 08:27:45] Stage started: Big Break
[2026-06-16 08:47:45] Stage finished: Big Break
[2026-06-16 08:47:45] Stage started: Work
[2026-06-16 09:32:46] Stage finished: Work
[2026-06-16 09:32:46] Stage started: Small Break
[2026-06-16 09:37:46] Stage finished: Small Break
[2026-06-16 09:37:46] Stage started: Work
[2026-06-16 10:22:47] Stage finished: Work
[2026-06-16 10:22:47] Stage started: Big Break
[2026-06-16 10:42:47] Stage finished: Big Break
[2026-06-16 10:42:47] Stage started: Work
