[2026-06-12 13:45:32] Session started: 2026-06-12 13:45:32
[2026-06-12 13:45:32] Stage started: Work
[2026-06-12 14:30:33] Stage finished: Work
[2026-06-12 14:30:33] Stage started: Small Break
[2026-06-12 14:35:33] Stage finished: Small Break
[2026-06-12 14:35:33] Stage started: Work
[2026-06-12 15:20:34] Stage finished: Work
[2026-06-12 15:20:34] Stage started: Big Break
[2026-06-12 15:40:34] Stage finished: Big Break
[2026-06-12 15:40:34] Stage started: Work
[2026-06-12 16:25:34] Stage finished: Work
[2026-06-12 16:25:34] Stage started: Small Break
[2026-06-12 16:30:34] Stage finished: Small Break
[2026-06-12 16:30:34] Stage started: Work
[2026-06-12 17:15:35] Stage finished: Work
[2026-06-12 17:15:35] Stage started: Big Break
[2026-06-12 17:54:36] Stage finished: Big Break
[2026-06-12 17:54:37] Stage started: Work
[2026-06-12 19:07:13] Stage finished: Work
[2026-06-12 19:07:13] Stage started: Small Break
[2026-06-12 19:17:42] Stage finished: Small Break
[2026-06-12 19:17:42] Stage started: Work
[2026-06-12 20:02:42] Stage finished: Work
[2026-06-12 20:02:42] Stage started: Big Break
[2026-06-12 20:22:43] Stage finished: Big Break
[2026-06-12 20:22:43] Stage started: Work
